Using pre-set license
Built from '2021.3/staging' branch; Version is '2021.3.14f1 (eee1884e7226) revision 15655304'; Using compiler version '192829333'; Build Type 'Release'
OS: 'Windows 11  (10.0.22621) 64bit CoreSingleLanguage' Language: 'en' Physical Memory: 8059 MB
BatchMode: 1, IsHumanControllingUs: 0, StartBugReporterOnCrash: 0, Is64bit: 1, IsPro: 1

COMMAND LINE ARGUMENTS:
C:\Program Files\Unity\Hub\Editor\2021.3.14f1\Editor\Unity.exe
-adb2
-batchMode
-noUpm
-name
AssetImportWorker4
-projectPath
D:/Unity Game Development/Outscal/battle-tank-game
-logFile
Logs/AssetImportWorker4.log
-srvPort
9556
Successfully changed project path to: D:/Unity Game Development/Outscal/battle-tank-game
D:/Unity Game Development/Outscal/battle-tank-game
[UnityMemory] Configuration Parameters - Can be set up in boot.config
    "memorysetup-bucket-allocator-granularity=16"
    "memorysetup-bucket-allocator-bucket-count=8"
    "memorysetup-bucket-allocator-block-size=33554432"
    "memorysetup-bucket-allocator-block-count=8"
    "memorysetup-main-allocator-block-size=16777216"
    "memorysetup-thread-allocator-block-size=16777216"
    "memorysetup-gfx-main-allocator-block-size=16777216"
    "memorysetup-gfx-thread-allocator-block-size=16777216"
    "memorysetup-cache-allocator-block-size=4194304"
    "memorysetup-typetree-allocator-block-size=2097152"
    "memorysetup-profiler-bucket-allocator-granularity=16"
    "memorysetup-profiler-bucket-allocator-bucket-count=8"
    "memorysetup-profiler-bucket-allocator-block-size=33554432"
    "memorysetup-profiler-bucket-allocator-block-count=8"
    "memorysetup-profiler-allocator-block-size=16777216"
    "memorysetup-profiler-editor-allocator-block-size=1048576"
    "memorysetup-temp-allocator-size-main=16777216"
    "memorysetup-job-temp-allocator-block-size=2097152"
    "memorysetup-job-temp-allocator-block-size-background=1048576"
    "memorysetup-job-temp-allocator-reduction-small-platforms=262144"
    "memorysetup-temp-allocator-size-background-worker=32768"
    "memorysetup-temp-allocator-size-job-worker=262144"
    "memorysetup-temp-allocator-size-preload-manager=33554432"
    "memorysetup-temp-allocator-size-nav-mesh-worker=65536"
    "memorysetup-temp-allocator-size-audio-worker=65536"
    "memorysetup-temp-allocator-size-cloud-worker=32768"
    "memorysetup-temp-allocator-size-gi-baking-worker=262144"
    "memorysetup-temp-allocator-size-gfx=262144"
Refreshing native plugins compatible for Editor in 704.69 ms, found 2 plugins.
Preloading 0 native plugins for Editor in 0.00 ms.
Initialize engine version: 2021.3.14f1 (eee1884e7226)
[Subsystems] Discovering subsystems at path C:/Program Files/Unity/Hub/Editor/2021.3.14f1/Editor/Data/Resources/UnitySubsystems
[Subsystems] Discovering subsystems at path D:/Unity Game Development/Outscal/battle-tank-game/Assets
GfxDevice: creating device client; threaded=0; jobified=0
Direct3D:
    Version:  Direct3D 11.0 [level 11.1]
    Renderer: NVIDIA GeForce GTX 1650 (ID=0x1f99)
    Vendor:   NVIDIA
    VRAM:     3962 MB
    Driver:   31.0.15.1659
Initialize mono
Mono path[0] = 'C:/Program Files/Unity/Hub/Editor/2021.3.14f1/Editor/Data/Managed'
Mono path[1] = 'C:/Program Files/Unity/Hub/Editor/2021.3.14f1/Editor/Data/MonoBleedingEdge/lib/mono/unityjit-win32'
Mono config path = 'C:/Program Files/Unity/Hub/Editor/2021.3.14f1/Editor/Data/MonoBleedingEdge/etc'
Using monoOptions --debugger-agent=transport=dt_socket,embedding=1,server=y,suspend=n,address=127.0.0.1:56884
Begin MonoManager ReloadAssembly
Registering precompiled unity dll's ...
Register platform support module: C:/Program Files/Unity/Hub/Editor/2021.3.14f1/Editor/Data/PlaybackEngines/WebGLSupport/UnityEditor.WebGL.Extensions.dll
Register platform support module: C:/Program Files/Unity/Hub/Editor/2021.3.14f1/Editor/Data/PlaybackEngines/AndroidPlayer/UnityEditor.Android.Extensions.dll
Register platform support module: C:/Program Files/Unity/Hub/Editor/2021.3.14f1/Editor/Data/PlaybackEngines/WindowsStandaloneSupport/UnityEditor.WindowsStandalone.Extensions.dll
Register platform support module: C:/Program Files/Unity/Hub/Editor/2021.3.14f1/Editor/Data/PlaybackEngines/MetroSupport/UnityEditor.UWP.Extensions.dll
Registered in 0.005845 seconds.
Native extension for UWP target not found
Native extension for WindowsStandalone target not found
Native extension for Android target not found
Native extension for WebGL target not found
Refreshing native plugins compatible for Editor in 66.96 ms, found 2 plugins.
Preloading 0 native plugins for Editor in 0.00 ms.
Mono: successfully reloaded assembly
- Completed reload, in  0.630 seconds
Domain Reload Profiling:
	ReloadAssembly (630ms)
		BeginReloadAssembly (74ms)
			ExecutionOrderSort (0ms)
			DisableScriptedObjects (0ms)
			BackupInstance (0ms)
			ReleaseScriptingObjects (0ms)
			CreateAndSetChildDomain (1ms)
		EndReloadAssembly (440ms)
			LoadAssemblies (73ms)
			RebuildTransferFunctionScriptingTraits (0ms)
			SetupTypeCache (104ms)
			ReleaseScriptCaches (0ms)
			RebuildScriptCaches (29ms)
			SetupLoadedEditorAssemblies (257ms)
				LogAssemblyErrors (0ms)
				InitializePlatformSupportModulesInManaged (54ms)
				SetLoadedEditorAssemblies (0ms)
				RefreshPlugins (67ms)
				BeforeProcessingInitializeOnLoad (3ms)
				ProcessInitializeOnLoadAttributes (90ms)
				ProcessInitializeOnLoadMethodAttributes (43ms)
				AfterProcessingInitializeOnLoad (0ms)
				EditorAssembliesLoaded (0ms)
			ExecutionOrderSort2 (0ms)
			AwakeInstancesAfterBackupRestoration (0ms)
Platform modules already initialized, skipping
Registering precompiled user dll's ...
Registered in 0.003195 seconds.
Android Extension - Scanning For ADB Devices 4656 ms
Begin MonoManager ReloadAssembly
Native extension for UWP target not found
Native extension for WindowsStandalone target not found
Native extension for Android target not found
Native extension for WebGL target not found
Refreshing native plugins compatible for Editor in 66.56 ms, found 2 plugins.
Preloading 0 native plugins for Editor in 0.00 ms.
Package Manager log level set to [2]
Mono: successfully reloaded assembly
- Completed reload, in  4.383 seconds
Domain Reload Profiling:
	ReloadAssembly (4384ms)
		BeginReloadAssembly (107ms)
			ExecutionOrderSort (0ms)
			DisableScriptedObjects (6ms)
			BackupInstance (0ms)
			ReleaseScriptingObjects (0ms)
			CreateAndSetChildDomain (20ms)
		EndReloadAssembly (3985ms)
			LoadAssemblies (2778ms)
			RebuildTransferFunctionScriptingTraits (0ms)
			SetupTypeCache (278ms)
			ReleaseScriptCaches (1ms)
			RebuildScriptCaches (61ms)
			SetupLoadedEditorAssemblies (817ms)
				LogAssemblyErrors (0ms)
				InitializePlatformSupportModulesInManaged (15ms)
				SetLoadedEditorAssemblies (0ms)
				RefreshPlugins (67ms)
				BeforeProcessingInitializeOnLoad (109ms)
				ProcessInitializeOnLoadAttributes (362ms)
				ProcessInitializeOnLoadMethodAttributes (258ms)
				AfterProcessingInitializeOnLoad (6ms)
				EditorAssembliesLoaded (0ms)
			ExecutionOrderSort2 (0ms)
			AwakeInstancesAfterBackupRestoration (5ms)
Platform modules already initialized, skipping
========================================================================
Worker process is ready to serve import requests
Launched and connected shader compiler UnityShaderCompiler.exe after 0.17 seconds
Refreshing native plugins compatible for Editor in 1.34 ms, found 2 plugins.
Preloading 0 native plugins for Editor in 0.00 ms.
Unloading 4408 Unused Serialized files (Serialized files now loaded: 0)
Unloading 86 unused Assets / (2.2 MB). Loaded Objects now: 4824.
Memory consumption went from 194.2 MB to 192.0 MB.
Total: 10.438800 ms (FindLiveObjects: 0.431100 ms CreateObjectMapping: 0.363100 ms MarkObjects: 8.935000 ms  DeleteObjects: 0.707800 ms)

AssetImportParameters requested are different than current active one (requested -> active):
  custom:video-decoder-ogg-theora: a1e56fd34408186e4bbccfd4996cb3dc -> 
  custom:container-muxer-webm: aa71ff27fc2769a1b78a27578f13a17b -> 
  custom:container-demuxer-webm: 4f35f7cbe854078d1ac9338744f61a02 -> 
  custom:video-encoder-webm-vp8: eb34c28f22e8b96e1ab97ce403110664 -> 
  custom:video-codec-MediaFoundation-h265: 746d11721c4dcdbdad8f713fa42b33f4 -> 
  custom:audio-encoder-webm-vorbis: bf7c407c2cedff20999df2af8eb42d56 -> 
  custom:framework-win-MediaFoundation: 216162199b28c13a410421893ffa2e32 -> 
  custom:container-demuxer-ogg: 62fdf1f143b41e24485cea50d1cbac27 -> 
  custom:video-decoder-webm-vp8: 9c59270c3fd7afecdb556c50c9e8de78 -> 
  custom:audio-decoder-ogg-vorbis: bf7c407c2cedff20999df2af8eb42d56 -> 
========================================================================
Received Import Request.
  Time since last request: 305297.401508 seconds.
  path: Assets/Scripts/NewBehaviourScript.cs
  artifactKey: Guid(a44a49915fe9b73408120b7f3b261dcb) Importer(815301076,1909f56bfc062723c751e8b465ee728b)
Start importing Assets/Scripts/NewBehaviourScript.cs using Guid(a44a49915fe9b73408120b7f3b261dcb) Importer(815301076,1909f56bfc062723c751e8b465ee728b)  -> (artifact id: '4bdc69c2a07dcb86ffc538dbd265def3') in 0.892563 seconds 
========================================================================
Received Import Request.
  Time since last request: 209.918927 seconds.
  path: Assets/Scripts/AchievementService.cs
  artifactKey: Guid(ee2a2a0c0a5c39d46ba890562eb1fd06) Importer(815301076,1909f56bfc062723c751e8b465ee728b)
Start importing Assets/Scripts/AchievementService.cs using Guid(ee2a2a0c0a5c39d46ba890562eb1fd06) Importer(815301076,1909f56bfc062723c751e8b465ee728b)  -> (artifact id: '9412bd0c3fa769d9a07fd5f7338ff386') in 0.002439 seconds 
========================================================================
Received Import Request.
  Time since last request: 712.703396 seconds.
  path: Assets/Scripts/EventService.cs
  artifactKey: Guid(7aac86be83dec67468b80b68f95c9866) Importer(815301076,1909f56bfc062723c751e8b465ee728b)
Start importing Assets/Scripts/EventService.cs using Guid(7aac86be83dec67468b80b68f95c9866) Importer(815301076,1909f56bfc062723c751e8b465ee728b)  -> (artifact id: 'ebf93e2c7ff2e0f4caebbfa737a6ed8f') in 0.191711 seconds 
========================================================================
Received Import Request.
  Time since last request: 762.360684 seconds.
  path: Assets/Scripts/EventService.cs
  artifactKey: Guid(7aac86be83dec67468b80b68f95c9866) Importer(815301076,1909f56bfc062723c751e8b465ee728b)
Start importing Assets/Scripts/EventService.cs using Guid(7aac86be83dec67468b80b68f95c9866) Importer(815301076,1909f56bfc062723c751e8b465ee728b)  -> (artifact id: '98983ad4ae8d4ed3380ddc38e69dbc9a') in 0.001590 seconds 
========================================================================
Received Import Request.
  Time since last request: 28.386694 seconds.
  path: Assets/Scripts/EventService.cs
  artifactKey: Guid(7aac86be83dec67468b80b68f95c9866) Importer(815301076,1909f56bfc062723c751e8b465ee728b)
Start importing Assets/Scripts/EventService.cs using Guid(7aac86be83dec67468b80b68f95c9866) Importer(815301076,1909f56bfc062723c751e8b465ee728b)  -> (artifact id: '2b17931e5928b98773df61f74a807a8d') in 0.009962 seconds 
========================================================================
Received Import Request.
  Time since last request: 66.510340 seconds.
  path: Assets/Scripts/EventService.cs
  artifactKey: Guid(7aac86be83dec67468b80b68f95c9866) Importer(815301076,1909f56bfc062723c751e8b465ee728b)
Start importing Assets/Scripts/EventService.cs using Guid(7aac86be83dec67468b80b68f95c9866) Importer(815301076,1909f56bfc062723c751e8b465ee728b)  -> (artifact id: '2dacf53cb95c6f7e9007fe289f3e44b4') in 0.001480 seconds 
========================================================================
Received Import Request.
  Time since last request: 8.263796 seconds.
  path: Assets/Scripts/EventService.cs
  artifactKey: Guid(7aac86be83dec67468b80b68f95c9866) Importer(815301076,1909f56bfc062723c751e8b465ee728b)
Start importing Assets/Scripts/EventService.cs using Guid(7aac86be83dec67468b80b68f95c9866) Importer(815301076,1909f56bfc062723c751e8b465ee728b)  -> (artifact id: 'bf4835af0cd9172831ea2985f1aaf452') in 0.018294 seconds 
========================================================================
Received Import Request.
  Time since last request: 296.703244 seconds.
  path: Assets/Scripts/EventService.cs
  artifactKey: Guid(7aac86be83dec67468b80b68f95c9866) Importer(815301076,1909f56bfc062723c751e8b465ee728b)
Start importing Assets/Scripts/EventService.cs using Guid(7aac86be83dec67468b80b68f95c9866) Importer(815301076,1909f56bfc062723c751e8b465ee728b)  -> (artifact id: 'd06cfc3f3e607388edf56b7268c30916') in 0.017257 seconds 
========================================================================
Received Import Request.
  Time since last request: 501.171632 seconds.
  path: Assets/Scripts/Sound/SoundService.cs
  artifactKey: Guid(c8b7085a78298b843ad9befd046797ed) Importer(815301076,1909f56bfc062723c751e8b465ee728b)
Start importing Assets/Scripts/Sound/SoundService.cs using Guid(c8b7085a78298b843ad9befd046797ed) Importer(815301076,1909f56bfc062723c751e8b465ee728b)  -> (artifact id: '2b9be95ff550572169a7aea3d4f56c76') in 0.218023 seconds 
========================================================================
Received Import Request.
  Time since last request: 10.717285 seconds.
  path: Assets/Scripts/Sound/AudioService.cs
  artifactKey: Guid(c8b7085a78298b843ad9befd046797ed) Importer(815301076,1909f56bfc062723c751e8b465ee728b)
Start importing Assets/Scripts/Sound/AudioService.cs using Guid(c8b7085a78298b843ad9befd046797ed) Importer(815301076,1909f56bfc062723c751e8b465ee728b)  -> (artifact id: '88b1d5e5f9aef006324b30ce50aed628') in 0.387128 seconds 
========================================================================
Received Import Request.
  Time since last request: 36.016132 seconds.
  path: Assets/Scripts/Sound/AudioService.cs
  artifactKey: Guid(c8b7085a78298b843ad9befd046797ed) Importer(815301076,1909f56bfc062723c751e8b465ee728b)
Start importing Assets/Scripts/Sound/AudioService.cs using Guid(c8b7085a78298b843ad9befd046797ed) Importer(815301076,1909f56bfc062723c751e8b465ee728b)  -> (artifact id: 'cdbcdf04e665fb8c0135a391074c5f29') in 0.001760 seconds 
========================================================================
Received Import Request.
  Time since last request: 403.726046 seconds.
  path: Assets/Scripts/Sound/SoundController.cs
  artifactKey: Guid(ee0ff4daf5cb4c245a0f90d080476fd4) Importer(815301076,1909f56bfc062723c751e8b465ee728b)
Start importing Assets/Scripts/Sound/SoundController.cs using Guid(ee0ff4daf5cb4c245a0f90d080476fd4) Importer(815301076,1909f56bfc062723c751e8b465ee728b)  -> (artifact id: 'ed5e923b07a0e488188dfb5b2ea4946b') in 0.190372 seconds 
========================================================================
Received Import Request.
  Time since last request: 8.645863 seconds.
  path: Assets/Scripts/Sound/AudioController.cs
  artifactKey: Guid(ee0ff4daf5cb4c245a0f90d080476fd4) Importer(815301076,1909f56bfc062723c751e8b465ee728b)
Start importing Assets/Scripts/Sound/AudioController.cs using Guid(ee0ff4daf5cb4c245a0f90d080476fd4) Importer(815301076,1909f56bfc062723c751e8b465ee728b)  -> (artifact id: 'd4af0334cef958cb52d2367b63e5adbe') in 0.107404 seconds 
========================================================================
Received Import Request.
  Time since last request: 16.507231 seconds.
  path: Assets/Scripts/Sound/AudioController.cs
  artifactKey: Guid(ee0ff4daf5cb4c245a0f90d080476fd4) Importer(815301076,1909f56bfc062723c751e8b465ee728b)
Start importing Assets/Scripts/Sound/AudioController.cs using Guid(ee0ff4daf5cb4c245a0f90d080476fd4) Importer(815301076,1909f56bfc062723c751e8b465ee728b)  -> (artifact id: '19f46bdb0e5e19f52a6f5408d3805dff') in 0.017269 seconds 
========================================================================
Received Import Request.
  Time since last request: 3.596523 seconds.
  path: Assets/Scripts/Sound/AudioController.cs
  artifactKey: Guid(ee0ff4daf5cb4c245a0f90d080476fd4) Importer(815301076,1909f56bfc062723c751e8b465ee728b)
Start importing Assets/Scripts/Sound/AudioController.cs using Guid(ee0ff4daf5cb4c245a0f90d080476fd4) Importer(815301076,1909f56bfc062723c751e8b465ee728b)  -> (artifact id: '19f46bdb0e5e19f52a6f5408d3805dff') in 0.002030 seconds 
========================================================================
Received Import Request.
  Time since last request: 227.681276 seconds.
  path: Assets/Scripts/Sound/SoundModel.cs
  artifactKey: Guid(7904d3bcda5406d44acae4f2143ab168) Importer(815301076,1909f56bfc062723c751e8b465ee728b)
Start importing Assets/Scripts/Sound/SoundModel.cs using Guid(7904d3bcda5406d44acae4f2143ab168) Importer(815301076,1909f56bfc062723c751e8b465ee728b)  -> (artifact id: '582b64dec33bfb215d94d48a63f04adf') in 0.156569 seconds 
========================================================================
Received Import Request.
  Time since last request: 28.555484 seconds.
  path: Assets/Scripts/Sound/GameAudioModel.cs
  artifactKey: Guid(7904d3bcda5406d44acae4f2143ab168) Importer(815301076,1909f56bfc062723c751e8b465ee728b)
Start importing Assets/Scripts/Sound/GameAudioModel.cs using Guid(7904d3bcda5406d44acae4f2143ab168) Importer(815301076,1909f56bfc062723c751e8b465ee728b)  -> (artifact id: 'befaa5e0b264917aec1893aa637872ed') in 0.234132 seconds 
========================================================================
Received Import Request.
  Time since last request: 20.880092 seconds.
  path: Assets/Scripts/Sound/GameAudioModel.cs
  artifactKey: Guid(7904d3bcda5406d44acae4f2143ab168) Importer(815301076,1909f56bfc062723c751e8b465ee728b)
Start importing Assets/Scripts/Sound/GameAudioModel.cs using Guid(7904d3bcda5406d44acae4f2143ab168) Importer(815301076,1909f56bfc062723c751e8b465ee728b)  -> (artifact id: 'd2ca78241a89d34df05ef39285eacb61') in 0.035921 seconds 
========================================================================
Received Import Request.
  Time since last request: 11.219309 seconds.
  path: Assets/Scripts/Sound/AudioController.cs
  artifactKey: Guid(ee0ff4daf5cb4c245a0f90d080476fd4) Importer(815301076,1909f56bfc062723c751e8b465ee728b)
Start importing Assets/Scripts/Sound/AudioController.cs using Guid(ee0ff4daf5cb4c245a0f90d080476fd4) Importer(815301076,1909f56bfc062723c751e8b465ee728b)  -> (artifact id: 'a1413d23b5679ab308f2fe30a67f5d7c') in 0.001489 seconds 
========================================================================
Received Import Request.
  Time since last request: 5.566942 seconds.
  path: Assets/Scripts/Sound/GameAudioController.cs
  artifactKey: Guid(ee0ff4daf5cb4c245a0f90d080476fd4) Importer(815301076,1909f56bfc062723c751e8b465ee728b)
Start importing Assets/Scripts/Sound/GameAudioController.cs using Guid(ee0ff4daf5cb4c245a0f90d080476fd4) Importer(815301076,1909f56bfc062723c751e8b465ee728b)  -> (artifact id: '804736f46c321705586ef4a7280e0ccf') in 0.212218 seconds 
========================================================================
Received Import Request.
  Time since last request: 8.240175 seconds.
  path: Assets/Scripts/Sound/GameAudioController.cs
  artifactKey: Guid(ee0ff4daf5cb4c245a0f90d080476fd4) Importer(815301076,1909f56bfc062723c751e8b465ee728b)
Start importing Assets/Scripts/Sound/GameAudioController.cs using Guid(ee0ff4daf5cb4c245a0f90d080476fd4) Importer(815301076,1909f56bfc062723c751e8b465ee728b)  -> (artifact id: '3ddba65e8ad5318af758f411824646a9') in 0.070593 seconds 
========================================================================
Received Import Request.
  Time since last request: 4.799503 seconds.
  path: Assets/Scripts/Sound/GameAudioController.cs
  artifactKey: Guid(ee0ff4daf5cb4c245a0f90d080476fd4) Importer(815301076,1909f56bfc062723c751e8b465ee728b)
Start importing Assets/Scripts/Sound/GameAudioController.cs using Guid(ee0ff4daf5cb4c245a0f90d080476fd4) Importer(815301076,1909f56bfc062723c751e8b465ee728b)  -> (artifact id: '3ddba65e8ad5318af758f411824646a9') in 0.002615 seconds 
========================================================================
Received Import Request.
  Time since last request: 3.753300 seconds.
  path: Assets/Scripts/Sound/AudioService.cs
  artifactKey: Guid(c8b7085a78298b843ad9befd046797ed) Importer(815301076,1909f56bfc062723c751e8b465ee728b)
Start importing Assets/Scripts/Sound/AudioService.cs using Guid(c8b7085a78298b843ad9befd046797ed) Importer(815301076,1909f56bfc062723c751e8b465ee728b)  -> (artifact id: 'd0c5f05dee4b2f933ef8ac22ab026a83') in 0.001485 seconds 
========================================================================
Received Import Request.
  Time since last request: 6.880165 seconds.
  path: Assets/Scripts/Sound/GameAudioService.cs
  artifactKey: Guid(c8b7085a78298b843ad9befd046797ed) Importer(815301076,1909f56bfc062723c751e8b465ee728b)
Start importing Assets/Scripts/Sound/GameAudioService.cs using Guid(c8b7085a78298b843ad9befd046797ed) Importer(815301076,1909f56bfc062723c751e8b465ee728b)  -> (artifact id: '53b64098d8cc5809f781ceba1c861dd7') in 0.085781 seconds 
========================================================================
Received Import Request.
  Time since last request: 9.101655 seconds.
  path: Assets/Scripts/Sound/GameAudioService.cs
  artifactKey: Guid(c8b7085a78298b843ad9befd046797ed) Importer(815301076,1909f56bfc062723c751e8b465ee728b)
Start importing Assets/Scripts/Sound/GameAudioService.cs using Guid(c8b7085a78298b843ad9befd046797ed) Importer(815301076,1909f56bfc062723c751e8b465ee728b)  -> (artifact id: '54864e063deb163d59248126e3ff46b2') in 0.001808 seconds 
========================================================================
Received Import Request.
  Time since last request: 70.582411 seconds.
  path: Assets/Scripts/Sound/GameAudioModel.cs
  artifactKey: Guid(7904d3bcda5406d44acae4f2143ab168) Importer(815301076,1909f56bfc062723c751e8b465ee728b)
Start importing Assets/Scripts/Sound/GameAudioModel.cs using Guid(7904d3bcda5406d44acae4f2143ab168) Importer(815301076,1909f56bfc062723c751e8b465ee728b)  -> (artifact id: '38dd06bf47cb5af4bf45e638fcbf6015') in 0.023204 seconds 
========================================================================
Received Prepare
Registering precompiled user dll's ...
Registered in 0.077754 seconds.
Begin MonoManager ReloadAssembly
Native extension for UWP target not found
Native extension for WindowsStandalone target not found
Native extension for Android target not found
Native extension for WebGL target not found
Refreshing native plugins compatible for Editor in 0.92 ms, found 2 plugins.
Preloading 0 native plugins for Editor in 0.00 ms.
Mono: successfully reloaded assembly
- Completed reload, in 24.467 seconds
Domain Reload Profiling:
	ReloadAssembly (24582ms)
		BeginReloadAssembly (18890ms)
			ExecutionOrderSort (35ms)
			DisableScriptedObjects (4533ms)
			BackupInstance (0ms)
			ReleaseScriptingObjects (0ms)
			CreateAndSetChildDomain (9009ms)
		EndReloadAssembly (4685ms)
			LoadAssemblies (1935ms)
			RebuildTransferFunctionScriptingTraits (13ms)
			SetupTypeCache (2196ms)
			ReleaseScriptCaches (1ms)
			RebuildScriptCaches (274ms)
			SetupLoadedEditorAssemblies (1516ms)
				LogAssemblyErrors (0ms)
				InitializePlatformSupportModulesInManaged (90ms)
				SetLoadedEditorAssemblies (48ms)
				RefreshPlugins (1ms)
				BeforeProcessingInitializeOnLoad (277ms)
				ProcessInitializeOnLoadAttributes (495ms)
				ProcessInitializeOnLoadMethodAttributes (572ms)
				AfterProcessingInitializeOnLoad (34ms)
				EditorAssembliesLoaded (0ms)
			ExecutionOrderSort2 (0ms)
			AwakeInstancesAfterBackupRestoration (5ms)
Platform modules already initialized, skipping
Refreshing native plugins compatible for Editor in 84.18 ms, found 2 plugins.
Preloading 0 native plugins for Editor in 0.00 ms.
Unloading 4286 Unused Serialized files (Serialized files now loaded: 0)
Unloading 75 unused Assets / (2.2 MB). Loaded Objects now: 4828.
Memory consumption went from 182.3 MB to 180.0 MB.
Total: 381.917900 ms (FindLiveObjects: 0.564000 ms CreateObjectMapping: 0.393600 ms MarkObjects: 355.662800 ms  DeleteObjects: 25.293900 ms)

AssetImportParameters requested are different than current active one (requested -> active):
  custom:video-decoder-ogg-theora: a1e56fd34408186e4bbccfd4996cb3dc -> 
  custom:container-muxer-webm: aa71ff27fc2769a1b78a27578f13a17b -> 
  custom:container-demuxer-webm: 4f35f7cbe854078d1ac9338744f61a02 -> 
  custom:video-encoder-webm-vp8: eb34c28f22e8b96e1ab97ce403110664 -> 
  custom:video-codec-MediaFoundation-h265: 746d11721c4dcdbdad8f713fa42b33f4 -> 
  custom:audio-encoder-webm-vorbis: bf7c407c2cedff20999df2af8eb42d56 -> 
  custom:framework-win-MediaFoundation: 216162199b28c13a410421893ffa2e32 -> 
  custom:container-demuxer-ogg: 62fdf1f143b41e24485cea50d1cbac27 -> 
  custom:video-decoder-webm-vp8: 9c59270c3fd7afecdb556c50c9e8de78 -> 
  custom:audio-decoder-ogg-vorbis: bf7c407c2cedff20999df2af8eb42d56 -> 
========================================================================
Received Prepare
Registering precompiled user dll's ...
Registered in 0.006270 seconds.
Begin MonoManager ReloadAssembly
Native extension for UWP target not found
Native extension for WindowsStandalone target not found
Native extension for Android target not found
Native extension for WebGL target not found
Refreshing native plugins compatible for Editor in 1.93 ms, found 2 plugins.
Preloading 0 native plugins for Editor in 0.00 ms.
Mono: successfully reloaded assembly
- Completed reload, in 11.924 seconds
Domain Reload Profiling:
	ReloadAssembly (11925ms)
		BeginReloadAssembly (206ms)
			ExecutionOrderSort (0ms)
			DisableScriptedObjects (6ms)
			BackupInstance (0ms)
			ReleaseScriptingObjects (0ms)
			CreateAndSetChildDomain (67ms)
		EndReloadAssembly (11393ms)
			LoadAssemblies (9526ms)
			RebuildTransferFunctionScriptingTraits (0ms)
			SetupTypeCache (633ms)
			ReleaseScriptCaches (2ms)
			RebuildScriptCaches (120ms)
			SetupLoadedEditorAssemblies (929ms)
				LogAssemblyErrors (0ms)
				InitializePlatformSupportModulesInManaged (44ms)
				SetLoadedEditorAssemblies (1ms)
				RefreshPlugins (2ms)
				BeforeProcessingInitializeOnLoad (127ms)
				ProcessInitializeOnLoadAttributes (462ms)
				ProcessInitializeOnLoadMethodAttributes (284ms)
				AfterProcessingInitializeOnLoad (9ms)
				EditorAssembliesLoaded (0ms)
			ExecutionOrderSort2 (0ms)
			AwakeInstancesAfterBackupRestoration (6ms)
Platform modules already initialized, skipping
Refreshing native plugins compatible for Editor in 69.53 ms, found 2 plugins.
Preloading 0 native plugins for Editor in 0.00 ms.
Unloading 4286 Unused Serialized files (Serialized files now loaded: 0)
Unloading 75 unused Assets / (2.2 MB). Loaded Objects now: 4831.
Memory consumption went from 182.3 MB to 180.1 MB.
Total: 25.134300 ms (FindLiveObjects: 0.341700 ms CreateObjectMapping: 0.220400 ms MarkObjects: 23.987300 ms  DeleteObjects: 0.582900 ms)

AssetImportParameters requested are different than current active one (requested -> active):
  custom:video-decoder-ogg-theora: a1e56fd34408186e4bbccfd4996cb3dc -> 
  custom:container-muxer-webm: aa71ff27fc2769a1b78a27578f13a17b -> 
  custom:container-demuxer-webm: 4f35f7cbe854078d1ac9338744f61a02 -> 
  custom:video-encoder-webm-vp8: eb34c28f22e8b96e1ab97ce403110664 -> 
  custom:video-codec-MediaFoundation-h265: 746d11721c4dcdbdad8f713fa42b33f4 -> 
  custom:audio-encoder-webm-vorbis: bf7c407c2cedff20999df2af8eb42d56 -> 
  custom:framework-win-MediaFoundation: 216162199b28c13a410421893ffa2e32 -> 
  custom:container-demuxer-ogg: 62fdf1f143b41e24485cea50d1cbac27 -> 
  custom:video-decoder-webm-vp8: 9c59270c3fd7afecdb556c50c9e8de78 -> 
  custom:audio-decoder-ogg-vorbis: bf7c407c2cedff20999df2af8eb42d56 -> 
